<?xml version="1.0" encoding="UTF-8"?>
<testsuite xmlns:xsi="http://www.w3.org/2001/XMLSchema-instance" xsi:noNamespaceSchemaLocation="https://maven.apache.org/surefire/maven-surefire-plugin/xsd/surefire-test-report-3.0.xsd" version="3.0" name="com.example.DeserializationFindingTest" time="1.495" tests="2" errors="0" skipped="0" failures="0">
  <properties>
    <property name="java.specification.version" value="17"/>
    <property name="sun.jnu.encoding" value="UTF-8"/>
    <property name="java.class.path" value="/home/sommerjt/qiagen/finding/demo/target/test-classes:/home/sommerjt/qiagen/finding/demo/target/classes:/home/sommerjt/.m2/repository/io/micronaut/data/micronaut-data-mongodb/4.6.0/micronaut-data-mongodb-4.6.0.jar:/home/sommerjt/.m2/repository/io/micronaut/micronaut-inject/4.3.4/micronaut-inject-4.3.4.jar:/home/sommerjt/.m2/repository/org/slf4j/slf4j-api/2.0.11/slf4j-api-2.0.11.jar:/home/sommerjt/.m2/repository/jakarta/inject/jakarta.inject-api/2.0.1/jakarta.inject-api-2.0.1.jar:/home/sommerjt/.m2/repository/jakarta/annotation/jakarta.annotation-api/2.1.1/jakarta.annotation-api-2.1.1.jar:/home/sommerjt/.m2/repository/io/micronaut/micronaut-core/4.3.4/micronaut-core-4.3.4.jar:/home/sommerjt/.m2/repository/io/micronaut/data/micronaut-data-runtime/4.6.0/micronaut-data-runtime-4.6.0.jar:/home/sommerjt/.m2/repository/io/micronaut/data/micronaut-data-model/4.6.0/micronaut-data-model-4.6.0.jar:/home/sommerjt/.m2/repository/io/micronaut/data/micronaut-data-tx/4.6.0/micronaut-data-tx-4.6.0.jar:/home/sommerjt/.m2/repository/jakarta/transaction/jakarta.transaction-api/2.0.1/jakarta.transaction-api-2.0.1.jar:/home/sommerjt/.m2/repository/io/projectreactor/reactor-core/3.5.11/reactor-core-3.5.11.jar:/home/sommerjt/.m2/repository/org/reactivestreams/reactive-streams/1.0.4/reactive-streams-1.0.4.jar:/home/sommerjt/.m2/repository/io/micronaut/data/micronaut-data-document-model/4.6.0/micronaut-data-document-model-4.6.0.jar:/home/sommerjt/.m2/repository/io/micronaut/micronaut-aop/4.3.4/micronaut-aop-4.3.4.jar:/home/sommerjt/.m2/repository/io/micronaut/serde/micronaut-serde-api/2.8.1/micronaut-serde-api-2.8.1.jar:/home/sommerjt/.m2/repository/io/micronaut/data/micronaut-data-connection/4.6.0/micronaut-data-connection-4.6.0.jar:/home/sommerjt/.m2/repository/io/micronaut/micronaut-context-propagation/4.3.4/micronaut-context-propagation-4.3.4.jar:/home/sommerjt/.m2/repository/io/micronaut/micronaut-core-reactive/4.3.4/micronaut-core-reactive-4.3.4.jar:/home/sommerjt/.m2/repository/io/micronaut/serde/micronaut-serde-bson/2.8.1/micronaut-serde-bson-2.8.1.jar:/home/sommerjt/.m2/repository/io/micronaut/serde/micronaut-serde-support/2.8.1/micronaut-serde-support-2.8.1.jar:/home/sommerjt/.m2/repository/io/micronaut/mongodb/micronaut-mongo-reactive/5.2.0/micronaut-mongo-reactive-5.2.0.jar:/home/sommerjt/.m2/repository/io/micronaut/mongodb/micronaut-mongo-core/5.2.0/micronaut-mongo-core-5.2.0.jar:/home/sommerjt/.m2/repository/io/micronaut/validation/micronaut-validation/4.4.0/micronaut-validation-4.4.0.jar:/home/sommerjt/.m2/repository/jakarta/validation/jakarta.validation-api/3.0.2/jakarta.validation-api-3.0.2.jar:/home/sommerjt/.m2/repository/io/micronaut/reactor/micronaut-reactor/3.2.1/micronaut-reactor-3.2.1.jar:/home/sommerjt/.m2/repository/io/micronaut/mongodb/micronaut-mongo-sync/5.2.0/micronaut-mongo-sync-5.2.0.jar:/home/sommerjt/.m2/repository/org/mongodb/mongodb-driver-sync/4.11.1/mongodb-driver-sync-4.11.1.jar:/home/sommerjt/.m2/repository/org/mongodb/bson/4.11.1/bson-4.11.1.jar:/home/sommerjt/.m2/repository/org/mongodb/mongodb-driver-core/4.11.1/mongodb-driver-core-4.11.1.jar:/home/sommerjt/.m2/repository/org/mongodb/bson-record-codec/4.11.1/bson-record-codec-4.11.1.jar:/home/sommerjt/.m2/repository/org/projectlombok/lombok/1.18.30/lombok-1.18.30.jar:/home/sommerjt/.m2/repository/org/yaml/snakeyaml/2.2/snakeyaml-2.2.jar:/home/sommerjt/.m2/repository/io/micronaut/testresources/micronaut-test-resources-client/2.3.3/micronaut-test-resources-client-2.3.3.jar:/home/sommerjt/.m2/repository/io/micronaut/micronaut-json-core/4.3.4/micronaut-json-core-4.3.4.jar:/home/sommerjt/.m2/repository/io/micronaut/micronaut-http/4.3.4/micronaut-http-4.3.4.jar:/home/sommerjt/.m2/repository/io/micronaut/testresources/micronaut-test-resources-core/2.3.3/micronaut-test-resources-core-2.3.3.jar:/home/sommerjt/.m2/repository/io/micronaut/test/micronaut-test-junit5/4.2.0/micronaut-test-junit5-4.2.0.jar:/home/sommerjt/.m2/repository/io/micronaut/test/micronaut-test-core/4.2.0/micronaut-test-core-4.2.0.jar:/home/sommerjt/.m2/repository/org/junit/jupiter/junit-jupiter-api/5.10.2/junit-jupiter-api-5.10.2.jar:/home/sommerjt/.m2/repository/org/opentest4j/opentest4j/1.3.0/opentest4j-1.3.0.jar:/home/sommerjt/.m2/repository/org/junit/platform/junit-platform-commons/1.10.2/junit-platform-commons-1.10.2.jar:/home/sommerjt/.m2/repository/io/micronaut/micronaut-context/4.3.4/micronaut-context-4.3.4.jar:/home/sommerjt/.m2/repository/io/micronaut/test/micronaut-test-rest-assured/4.2.0/micronaut-test-rest-assured-4.2.0.jar:/home/sommerjt/.m2/repository/io/rest-assured/rest-assured/5.4.0/rest-assured-5.4.0.jar:/home/sommerjt/.m2/repository/org/apache/groovy/groovy-xml/4.0.18/groovy-xml-4.0.18.jar:/home/sommerjt/.m2/repository/org/apache/httpcomponents/httpclient/4.5.13/httpclient-4.5.13.jar:/home/sommerjt/.m2/repository/org/apache/httpcomponents/httpcore/4.4.13/httpcore-4.4.13.jar:/home/sommerjt/.m2/repository/commons-logging/commons-logging/1.2/commons-logging-1.2.jar:/home/sommerjt/.m2/repository/commons-codec/commons-codec/1.11/commons-codec-1.11.jar:/home/sommerjt/.m2/repository/org/apache/httpcomponents/httpmime/4.5.13/httpmime-4.5.13.jar:/home/sommerjt/.m2/repository/org/hamcrest/hamcrest/2.2/hamcrest-2.2.jar:/home/sommerjt/.m2/repository/org/ccil/cowan/tagsoup/tagsoup/1.2.1/tagsoup-1.2.1.jar:/home/sommerjt/.m2/repository/io/rest-assured/json-path/5.4.0/json-path-5.4.0.jar:/home/sommerjt/.m2/repository/org/apache/groovy/groovy-json/4.0.18/groovy-json-4.0.18.jar:/home/sommerjt/.m2/repository/io/rest-assured/rest-assured-common/5.4.0/rest-assured-common-5.4.0.jar:/home/sommerjt/.m2/repository/io/rest-assured/xml-path/5.4.0/xml-path-5.4.0.jar:/home/sommerjt/.m2/repository/org/apache/commons/commons-lang3/3.11/commons-lang3-3.11.jar:/home/sommerjt/.m2/repository/org/apache/groovy/groovy/4.0.18/groovy-4.0.18.jar:/home/sommerjt/.m2/repository/org/junit/jupiter/junit-jupiter-params/5.10.2/junit-jupiter-params-5.10.2.jar:/home/sommerjt/.m2/repository/org/apiguardian/apiguardian-api/1.1.2/apiguardian-api-1.1.2.jar:"/>
    <property name="java.vm.vendor" value="Private Build"/>
    <property name="sun.arch.data.model" value="64"/>
    <property name="java.vendor.url" value="Unknown"/>
    <property name="user.timezone" value="Europe/Copenhagen"/>
    <property name="os.name" value="Linux"/>
    <property name="java.vm.specification.version" value="17"/>
    <property name="sun.java.launcher" value="SUN_STANDARD"/>
    <property name="user.country" value="US"/>
    <property name="sun.boot.library.path" value="/usr/lib/jvm/java-17-openjdk-amd64/lib"/>
    <property name="sun.java.command" value="/home/sommerjt/qiagen/finding/demo/target/surefire/surefirebooter-20240219145850958_3.jar /home/sommerjt/qiagen/finding/demo/target/surefire 2024-02-19T14-58-50_847-jvmRun1 surefire-20240219145850958_1tmp surefire_0-20240219145850958_2tmp"/>
    <property name="jdk.debug" value="release"/>
    <property name="surefire.test.class.path" value="/home/sommerjt/qiagen/finding/demo/target/test-classes:/home/sommerjt/qiagen/finding/demo/target/classes:/home/sommerjt/.m2/repository/io/micronaut/data/micronaut-data-mongodb/4.6.0/micronaut-data-mongodb-4.6.0.jar:/home/sommerjt/.m2/repository/io/micronaut/micronaut-inject/4.3.4/micronaut-inject-4.3.4.jar:/home/sommerjt/.m2/repository/org/slf4j/slf4j-api/2.0.11/slf4j-api-2.0.11.jar:/home/sommerjt/.m2/repository/jakarta/inject/jakarta.inject-api/2.0.1/jakarta.inject-api-2.0.1.jar:/home/sommerjt/.m2/repository/jakarta/annotation/jakarta.annotation-api/2.1.1/jakarta.annotation-api-2.1.1.jar:/home/sommerjt/.m2/repository/io/micronaut/micronaut-core/4.3.4/micronaut-core-4.3.4.jar:/home/sommerjt/.m2/repository/io/micronaut/data/micronaut-data-runtime/4.6.0/micronaut-data-runtime-4.6.0.jar:/home/sommerjt/.m2/repository/io/micronaut/data/micronaut-data-model/4.6.0/micronaut-data-model-4.6.0.jar:/home/sommerjt/.m2/repository/io/micronaut/data/micronaut-data-tx/4.6.0/micronaut-data-tx-4.6.0.jar:/home/sommerjt/.m2/repository/jakarta/transaction/jakarta.transaction-api/2.0.1/jakarta.transaction-api-2.0.1.jar:/home/sommerjt/.m2/repository/io/projectreactor/reactor-core/3.5.11/reactor-core-3.5.11.jar:/home/sommerjt/.m2/repository/org/reactivestreams/reactive-streams/1.0.4/reactive-streams-1.0.4.jar:/home/sommerjt/.m2/repository/io/micronaut/data/micronaut-data-document-model/4.6.0/micronaut-data-document-model-4.6.0.jar:/home/sommerjt/.m2/repository/io/micronaut/micronaut-aop/4.3.4/micronaut-aop-4.3.4.jar:/home/sommerjt/.m2/repository/io/micronaut/serde/micronaut-serde-api/2.8.1/micronaut-serde-api-2.8.1.jar:/home/sommerjt/.m2/repository/io/micronaut/data/micronaut-data-connection/4.6.0/micronaut-data-connection-4.6.0.jar:/home/sommerjt/.m2/repository/io/micronaut/micronaut-context-propagation/4.3.4/micronaut-context-propagation-4.3.4.jar:/home/sommerjt/.m2/repository/io/micronaut/micronaut-core-reactive/4.3.4/micronaut-core-reactive-4.3.4.jar:/home/sommerjt/.m2/repository/io/micronaut/serde/micronaut-serde-bson/2.8.1/micronaut-serde-bson-2.8.1.jar:/home/sommerjt/.m2/repository/io/micronaut/serde/micronaut-serde-support/2.8.1/micronaut-serde-support-2.8.1.jar:/home/sommerjt/.m2/repository/io/micronaut/mongodb/micronaut-mongo-reactive/5.2.0/micronaut-mongo-reactive-5.2.0.jar:/home/sommerjt/.m2/repository/io/micronaut/mongodb/micronaut-mongo-core/5.2.0/micronaut-mongo-core-5.2.0.jar:/home/sommerjt/.m2/repository/io/micronaut/validation/micronaut-validation/4.4.0/micronaut-validation-4.4.0.jar:/home/sommerjt/.m2/repository/jakarta/validation/jakarta.validation-api/3.0.2/jakarta.validation-api-3.0.2.jar:/home/sommerjt/.m2/repository/io/micronaut/reactor/micronaut-reactor/3.2.1/micronaut-reactor-3.2.1.jar:/home/sommerjt/.m2/repository/io/micronaut/mongodb/micronaut-mongo-sync/5.2.0/micronaut-mongo-sync-5.2.0.jar:/home/sommerjt/.m2/repository/org/mongodb/mongodb-driver-sync/4.11.1/mongodb-driver-sync-4.11.1.jar:/home/sommerjt/.m2/repository/org/mongodb/bson/4.11.1/bson-4.11.1.jar:/home/sommerjt/.m2/repository/org/mongodb/mongodb-driver-core/4.11.1/mongodb-driver-core-4.11.1.jar:/home/sommerjt/.m2/repository/org/mongodb/bson-record-codec/4.11.1/bson-record-codec-4.11.1.jar:/home/sommerjt/.m2/repository/org/projectlombok/lombok/1.18.30/lombok-1.18.30.jar:/home/sommerjt/.m2/repository/org/yaml/snakeyaml/2.2/snakeyaml-2.2.jar:/home/sommerjt/.m2/repository/io/micronaut/testresources/micronaut-test-resources-client/2.3.3/micronaut-test-resources-client-2.3.3.jar:/home/sommerjt/.m2/repository/io/micronaut/micronaut-json-core/4.3.4/micronaut-json-core-4.3.4.jar:/home/sommerjt/.m2/repository/io/micronaut/micronaut-http/4.3.4/micronaut-http-4.3.4.jar:/home/sommerjt/.m2/repository/io/micronaut/testresources/micronaut-test-resources-core/2.3.3/micronaut-test-resources-core-2.3.3.jar:/home/sommerjt/.m2/repository/io/micronaut/test/micronaut-test-junit5/4.2.0/micronaut-test-junit5-4.2.0.jar:/home/sommerjt/.m2/repository/io/micronaut/test/micronaut-test-core/4.2.0/micronaut-test-core-4.2.0.jar:/home/sommerjt/.m2/repository/org/junit/jupiter/junit-jupiter-api/5.10.2/junit-jupiter-api-5.10.2.jar:/home/sommerjt/.m2/repository/org/opentest4j/opentest4j/1.3.0/opentest4j-1.3.0.jar:/home/sommerjt/.m2/repository/org/junit/platform/junit-platform-commons/1.10.2/junit-platform-commons-1.10.2.jar:/home/sommerjt/.m2/repository/io/micronaut/micronaut-context/4.3.4/micronaut-context-4.3.4.jar:/home/sommerjt/.m2/repository/io/micronaut/test/micronaut-test-rest-assured/4.2.0/micronaut-test-rest-assured-4.2.0.jar:/home/sommerjt/.m2/repository/io/rest-assured/rest-assured/5.4.0/rest-assured-5.4.0.jar:/home/sommerjt/.m2/repository/org/apache/groovy/groovy-xml/4.0.18/groovy-xml-4.0.18.jar:/home/sommerjt/.m2/repository/org/apache/httpcomponents/httpclient/4.5.13/httpclient-4.5.13.jar:/home/sommerjt/.m2/repository/org/apache/httpcomponents/httpcore/4.4.13/httpcore-4.4.13.jar:/home/sommerjt/.m2/repository/commons-logging/commons-logging/1.2/commons-logging-1.2.jar:/home/sommerjt/.m2/repository/commons-codec/commons-codec/1.11/commons-codec-1.11.jar:/home/sommerjt/.m2/repository/org/apache/httpcomponents/httpmime/4.5.13/httpmime-4.5.13.jar:/home/sommerjt/.m2/repository/org/hamcrest/hamcrest/2.2/hamcrest-2.2.jar:/home/sommerjt/.m2/repository/org/ccil/cowan/tagsoup/tagsoup/1.2.1/tagsoup-1.2.1.jar:/home/sommerjt/.m2/repository/io/rest-assured/json-path/5.4.0/json-path-5.4.0.jar:/home/sommerjt/.m2/repository/org/apache/groovy/groovy-json/4.0.18/groovy-json-4.0.18.jar:/home/sommerjt/.m2/repository/io/rest-assured/rest-assured-common/5.4.0/rest-assured-common-5.4.0.jar:/home/sommerjt/.m2/repository/io/rest-assured/xml-path/5.4.0/xml-path-5.4.0.jar:/home/sommerjt/.m2/repository/org/apache/commons/commons-lang3/3.11/commons-lang3-3.11.jar:/home/sommerjt/.m2/repository/org/apache/groovy/groovy/4.0.18/groovy-4.0.18.jar:/home/sommerjt/.m2/repository/org/junit/jupiter/junit-jupiter-params/5.10.2/junit-jupiter-params-5.10.2.jar:/home/sommerjt/.m2/repository/org/apiguardian/apiguardian-api/1.1.2/apiguardian-api-1.1.2.jar:"/>
    <property name="sun.cpu.endian" value="little"/>
    <property name="user.home" value="/home/sommerjt"/>
    <property name="user.language" value="en"/>
    <property name="java.specification.vendor" value="Oracle Corporation"/>
    <property name="java.version.date" value="2023-10-17"/>
    <property name="java.home" value="/usr/lib/jvm/java-17-openjdk-amd64"/>
    <property name="file.separator" value="/"/>
    <property name="basedir" value="/home/sommerjt/qiagen/finding/demo"/>
    <property name="java.vm.compressedOopsMode" value="Zero based"/>
    <property name="line.separator" value="&#10;"/>
    <property name="java.vm.specification.vendor" value="Oracle Corporation"/>
    <property name="java.specification.name" value="Java Platform API Specification"/>
    <property name="surefire.real.class.path" value="/home/sommerjt/qiagen/finding/demo/target/surefire/surefirebooter-20240219145850958_3.jar"/>
    <property name="sun.management.compiler" value="HotSpot 64-Bit Tiered Compilers"/>
    <property name="java.runtime.version" value="17.0.9+9-Ubuntu-122.04"/>
    <property name="user.name" value="sommerjt"/>
    <property name="path.separator" value=":"/>
    <property name="os.version" value="6.5.0-18-generic"/>
    <property name="java.runtime.name" value="OpenJDK Runtime Environment"/>
    <property name="file.encoding" value="UTF-8"/>
    <property name="java.vm.name" value="OpenJDK 64-Bit Server VM"/>
    <property name="localRepository" value="/home/sommerjt/.m2/repository"/>
    <property name="micronaut.classloader.logging" value="true"/>
    <property name="java.vendor.url.bug" value="Unknown"/>
    <property name="java.io.tmpdir" value="/tmp"/>
    <property name="java.version" value="17.0.9"/>
    <property name="user.dir" value="/home/sommerjt/qiagen/finding/demo"/>
    <property name="os.arch" value="amd64"/>
    <property name="java.vm.specification.name" value="Java Virtual Machine Specification"/>
    <property name="native.encoding" value="UTF-8"/>
    <property name="java.library.path" value="/usr/java/packages/lib:/usr/lib/x86_64-linux-gnu/jni:/lib/x86_64-linux-gnu:/usr/lib/x86_64-linux-gnu:/usr/lib/jni:/lib:/usr/lib"/>
    <property name="java.vm.info" value="mixed mode, sharing"/>
    <property name="java.vendor" value="Private Build"/>
    <property name="java.vm.version" value="17.0.9+9-Ubuntu-122.04"/>
    <property name="sun.io.unicode.encoding" value="UnicodeLittle"/>
    <property name="java.class.version" value="61.0"/>
  </properties>
  <testcase name="shouldFailToDeserializeLocalDateTimeObjectInStringObjectMap" classname="com.example.DeserializationFindingTest" time="0.266">
    <system-err><![CDATA[SLF4J(W): No SLF4J providers were found.
SLF4J(W): Defaulting to no-operation (NOP) logger implementation
SLF4J(W): See https://www.slf4j.org/codes.html#noProviders for further details.
]]></system-err>
  </testcase>
  <testcase name="shouldNotFailToDeserializeLocalDateTimeObjectInStringLocalDateTimeMap" classname="com.example.DeserializationFindingTest" time="0.033"/>
</testsuite>